#
# A fatal error has been detected by the Java Runtime Environment:
#
#  SIGSEGV (0xb) at pc=0x00007fc7a4bf9401, pid=31600, tid=31615
#
# JRE version: OpenJDK Runtime Environment (11.0.10+9) (build 11.0.10+9-Ubuntu-0ubuntu1.18.04)
# Java VM: OpenJDK 64-Bit Server VM (11.0.10+9-Ubuntu-0ubuntu1.18.04, mixed mode, sharing, tiered, compressed oops, g1 gc, linux-amd64)
# Problematic frame:
# C  [libjimage.so+0x2401]
#
# Core dump will be written. Default location: Core dumps may be processed with "/usr/share/apport/apport %p %s %c %d %P %E" (or dumping to /home/lt-216/linechat/core.31600)
#
# If you would like to submit a bug report, please visit:
#   https://bugs.launchpad.net/ubuntu/+source/openjdk-lts
#

---------------  S U M M A R Y ------------

Command Line: -agentlib:jdwp=transport=dt_socket,suspend=y,address=localhost:45783 -javaagent:/home/lt-216/.eclipse/360744286_linux_gtk_x86_64/configuration/org.eclipse.osgi/222/0/.cp/lib/javaagent-shaded.jar -Dfile.encoding=UTF-8 com.example.linechat.linechat.LinechatApplication

Host: Intel(R) Core(TM) i5-8250U CPU @ 1.60GHz, 8 cores, 7G, Ubuntu 18.04.5 LTS
Time: Mon May 24 16:59:38 2021 IST elapsed time: 1297.604566 seconds (0d 0h 21m 37s)

---------------  T H R E A D  ---------------

Current thread (0x00007fc7a0194800):  JavaThread "Signal Dispatcher" daemon [_thread_in_vm, id=31615, stack(0x00007fc77c0f0000,0x00007fc77c1f1000)]

Stack: [0x00007fc77c0f0000,0x00007fc77c1f1000],  sp=0x00007fc77c1ee1e0,  free space=1016k
Native frames: (J=compiled Java code, A=aot compiled Java code, j=interpreted, Vv=VM code, C=native code)
C  [libjimage.so+0x2401]
C  [libjimage.so+0x30ea]
C  [libjimage.so+0x35c6]  JIMAGE_FindResource+0xd6
V  [libjvm.so+0x5c0fde]
V  [libjvm.so+0x5c3d40]
V  [libjvm.so+0xe46cc5]
V  [libjvm.so+0xe4457a]
V  [libjvm.so+0xe47252]
V  [libjvm.so+0x6779dd]
V  [libjvm.so+0x870e5c]
j  jdk.internal.misc.Signal.dispatch(I)V+25 java.base@11.0.10
v  ~StubRoutines::call_stub
V  [libjvm.so+0x880719]
V  [libjvm.so+0x87f505]
V  [libjvm.so+0xc0a33c]
V  [libjvm.so+0xe7f84f]
V  [libjvm.so+0xe7bf9f]
V  [libjvm.so+0xc1d34e]

Java frames: (J=compiled Java code, j=interpreted, Vv=VM code)
j  jdk.internal.misc.Signal.dispatch(I)V+25 java.base@11.0.10
v  ~StubRoutines::call_stub

siginfo: si_signo: 11 (SIGSEGV), si_code: 1 (SEGV_MAPERR), si_addr: 0x00007fc7978b1768

Register to memory mapping:

RAX=0x00000000000081d3 is an unknown value
RBX=0x00007fc77c1ee291 is pointing into the stack for thread: 0x00007fc7a0194800
RCX=0x00007fc79789101c is an unknown value
RDX=0x00000000000081d3 is an unknown value
RSP=0x00007fc77c1ee1e0 is pointing into the stack for thread: 0x00007fc7a0194800
RBP=0x00007fc77c1ee200 is pointing into the stack for thread: 0x00007fc7a0194800
RSI=0x00007fc77c1ee290 is pointing into the stack for thread: 0x00007fc7a0194800
RDI=0x00007fc7a4dfc030: <offset 0x0000000000205030> in /usr/lib/jvm/java-11-openjdk-amd64/lib/libjimage.so at 0x00007fc7a4bf7000
R8 =0x0 is NULL
R9 =0x0000000076100fa4 is an unknown value
R10=0x00007fc77c1ee2b3 is pointing into the stack for thread: 0x00007fc7a0194800
R11=0x00007fc7a7ab6440: <offset 0x00000000001af440> in /lib/x86_64-linux-gnu/libc.so.6 at 0x00007fc7a7907000
R12=0x00007fc77c1ee290 is pointing into the stack for thread: 0x00007fc7a0194800
R13=0x0000000000008424 is an unknown value
R14=0x00007fc77c1ef328 is pointing into the stack for thread: 0x00007fc7a0194800
R15=0x00007fc7a0195390 points into unknown readable memory: 0x65746e692f6b646a | 6a 64 6b 2f 69 6e 74 65


Registers:
RAX=0x00000000000081d3, RBX=0x00007fc77c1ee291, RCX=0x00007fc79789101c, RDX=0x00000000000081d3
RSP=0x00007fc77c1ee1e0, RBP=0x00007fc77c1ee200, RSI=0x00007fc77c1ee290, RDI=0x00007fc7a4dfc030
R8 =0x0000000000000000, R9 =0x0000000076100fa4, R10=0x00007fc77c1ee2b3, R11=0x00007fc7a7ab6440
R12=0x00007fc77c1ee290, R13=0x0000000000008424, R14=0x00007fc77c1ef328, R15=0x00007fc7a0195390
RIP=0x00007fc7a4bf9401, EFLAGS=0x0000000000010246, CSGSFS=0x002b000000000033, ERR=0x0000000000000004
  TRAPNO=0x000000000000000e

Top of Stack: (sp=0x00007fc77c1ee1e0)
0x00007fc77c1ee1e0:   0000000000000000 00007fc7a0009940
0x00007fc77c1ee1f0:   0000000000000000 00007fc77c1ee290
0x00007fc77c1ee200:   00007fc77c1ee270 00007fc7a4bfa0ea
0x00007fc77c1ee210:   0000000000000000 0000000000000000 

Instructions: (pc=0x00007fc7a4bf9401)
0x00007fc7a4bf9301:   c5 4c 01 e3 48 89 ce e8 d3 f3 ff ff e9 69 fd ff
0x00007fc7a4bf9311:   ff 89 d1 0f b7 74 08 fe 66 41 89 74 0e fe e9 7a
0x00007fc7a4bf9321:   fe ff ff 0f 1f 40 00 8b 08 49 8d 1c 16 41 89 0e
0x00007fc7a4bf9331:   89 d1 8b 74 08 fc 41 89 74 0e fc 48 8d 34 10 48
0x00007fc7a4bf9341:   89 75 b8 e9 0b fe ff ff 0f 1f 80 00 00 00 00 0f
0x00007fc7a4bf9351:   b6 17 55 89 f0 48 89 e5 84 d2 74 22 48 8d 4f 01
0x00007fc7a4bf9361:   0f 1f 80 00 00 00 00 48 83 c1 01 0f b6 f2 0f b6
0x00007fc7a4bf9371:   51 ff 69 c0 93 01 00 01 31 f0 84 d2 75 e9 25 ff
0x00007fc7a4bf9381:   ff ff 7f 5d c3 66 2e 0f 1f 84 00 00 00 00 00 48
0x00007fc7a4bf9391:   85 d2 0f 84 dd 00 00 00 85 c9 0f 84 d5 00 00 00
0x00007fc7a4bf93a1:   55 48 89 e5 41 55 41 54 53 48 8d 5e 01 48 83 ec
0x00007fc7a4bf93b1:   08 44 0f b6 06 45 84 c0 0f 84 a9 00 00 00 49 89
0x00007fc7a4bf93c1:   da b8 93 01 00 01 66 0f 1f 84 00 00 00 00 00 49
0x00007fc7a4bf93d1:   83 c2 01 44 69 c8 93 01 00 01 41 0f b6 c0 45 0f
0x00007fc7a4bf93e1:   b6 42 ff 44 31 c8 45 84 c0 75 e4 25 ff ff ff 7f
0x00007fc7a4bf93f1:   41 89 cd 48 89 d1 31 d2 41 f7 f5 49 89 f4 89 d0
0x00007fc7a4bf9401:   8b 34 81 48 8b 07 ff 50 20 83 f8 00 7e 41 41 0f
0x00007fc7a4bf9411:   b6 14 24 84 d2 74 1c 0f 1f 84 00 00 00 00 00 69
0x00007fc7a4bf9421:   c0 93 01 00 01 48 83 c3 01 31 d0 0f b6 53 ff 84
0x00007fc7a4bf9431:   d2 75 ec 25 ff ff ff 7f 31 d2 41 f7 f5 48 83 c4
0x00007fc7a4bf9441:   08 89 d0 5b 41 5c 41 5d 5d c3 0f 1f 44 00 00 74
0x00007fc7a4bf9451:   1d f7 d0 48 83 c4 08 89 c2 5b 89 d0 41 5c 41 5d
0x00007fc7a4bf9461:   5d c3 0f 1f 44 00 00 b8 93 01 00 01 eb 82 ba ff
0x00007fc7a4bf9471:   ff ff ff eb c8 83 ca ff 89 d0 c3 0f 1f 40 00 0f
0x00007fc7a4bf9481:   b6 17 55 48 89 f8 48 89 e5 84 d2 75 15 eb 1a 38
0x00007fc7a4bf9491:   ca 75 1c 48 83 c0 01 0f b6 10 48 83 c6 01 84 d2
0x00007fc7a4bf94a1:   74 07 0f b6 0e 84 c9 75 e6 5d c3 0f 1f 40 00 31
0x00007fc7a4bf94b1:   c0 5d c3 66 90 66 2e 0f 1f 84 00 00 00 00 00 55
0x00007fc7a4bf94c1:   48 85 f6 48 89 e5 74 57 0f 1f 80 00 00 00 00 0f
0x00007fc7a4bf94d1:   b6 06 84 c0 74 49 0f b6 d0 83 e0 07 c1 fa 03 44
0x00007fc7a4bf94e1:   8d 50 01 0f b6 c0 41 89 d1 48 8d 56 01 4c 8d 44
0x00007fc7a4bf94f1:   06 02 31 c0 0f 1f 00 0f b6 0a 48 c1 e0 08 48 83 


Stack slot to memory mapping:
stack at sp + 0 slots: 0x0 is NULL
stack at sp + 1 slots: 0x00007fc7a0009940 points into unknown readable memory: 0x00007fc6e46c1950 | 50 19 6c e4 c6 7f 00 00
stack at sp + 2 slots: 0x0 is NULL
stack at sp + 3 slots: 0x00007fc77c1ee290 is pointing into the stack for thread: 0x00007fc7a0194800
stack at sp + 4 slots: 0x00007fc77c1ee270 is pointing into the stack for thread: 0x00007fc7a0194800
stack at sp + 5 slots: 0x00007fc7a4bfa0ea: <offset 0x00000000000030ea> in /usr/lib/jvm/java-11-openjdk-amd64/lib/libjimage.so at 0x00007fc7a4bf7000
stack at sp + 6 slots: 0x0 is NULL
stack at sp + 7 slots: 0x0 is NULL


---------------  P R O C E S S  ---------------

Threads class SMR info:
_java_thread_list=0x00007fc738004ac0, length=32, elements={
0x00007fc7a001a800, 0x00007fc7a018d000, 0x00007fc7a018f000, 0x00007fc7a0194800,
0x00007fc7a0196800, 0x00007fc7a0199000, 0x00007fc7a019b000, 0x00007fc7a019d000,
0x00007fc7a01db000, 0x00007fc7a0226000, 0x00007fc7a022a000, 0x00007fc71d1fe000,
0x00007fc7081fe000, 0x00007fc708227800, 0x00007fc6c8529800, 0x00007fc6cc0aa000,
0x00007fc6cc026800, 0x00007fc6cc193000, 0x00007fc6cc0a9000, 0x00007fc6cc024000,
0x00007fc6cc193800, 0x00007fc6cc194800, 0x00007fc6cc1a4800, 0x00007fc6cc1a5000,
0x00007fc6cc1a6000, 0x00007fc6cc1a7000, 0x00007fc6cc1a8800, 0x00007fc6cc1a9800,
0x00007fc6cc1aa800, 0x00007fc6cc1ab800, 0x00007fc6cc1af800, 0x00007fc6cc1b1000
}

Java Threads: ( => current thread )
  0x00007fc7a001a800 JavaThread "main" [_thread_blocked, id=31606, stack(0x00007fc7a8012000,0x00007fc7a8113000)]
  0x00007fc7a018d000 JavaThread "Reference Handler" daemon [_thread_blocked, id=31613, stack(0x00007fc77c2f2000,0x00007fc77c3f3000)]
  0x00007fc7a018f000 JavaThread "Finalizer" daemon [_thread_blocked, id=31614, stack(0x00007fc77c1f1000,0x00007fc77c2f2000)]
=>0x00007fc7a0194800 JavaThread "Signal Dispatcher" daemon [_thread_in_vm, id=31615, stack(0x00007fc77c0f0000,0x00007fc77c1f1000)]
  0x00007fc7a0196800 JavaThread "Service Thread" daemon [_thread_blocked, id=31616, stack(0x00007fc76f421000,0x00007fc76f522000)]
  0x00007fc7a0199000 JavaThread "C2 CompilerThread0" daemon [_thread_blocked, id=31617, stack(0x00007fc76f320000,0x00007fc76f421000)]
  0x00007fc7a019b000 JavaThread "C1 CompilerThread0" daemon [_thread_blocked, id=31618, stack(0x00007fc76f21f000,0x00007fc76f320000)]
  0x00007fc7a019d000 JavaThread "Sweeper thread" daemon [_thread_blocked, id=31619, stack(0x00007fc76f11e000,0x00007fc76f21f000)]
  0x00007fc7a01db000 JavaThread "Common-Cleaner" daemon [_thread_blocked, id=31620, stack(0x00007fc76f01d000,0x00007fc76f11e000)]
  0x00007fc7a0226000 JavaThread "JDWP Transport Listener: dt_socket" daemon [_thread_in_native, id=31623, stack(0x00007fc76ec15000,0x00007fc76ed16000)]
  0x00007fc7a022a000 JavaThread "JDWP Event Helper Thread" daemon [_thread_blocked, id=31626, stack(0x00007fc76eb14000,0x00007fc76ec15000)]
  0x00007fc71d1fe000 JavaThread "Live Reload Server" daemon [_thread_in_native, id=31647, stack(0x00007fc6fbbfe000,0x00007fc6fbcff000)]
  0x00007fc7081fe000 JavaThread "http-nio-8080-exec-1" daemon [_thread_blocked, id=32007, stack(0x00007fc6fbeff000,0x00007fc6fc000000)]
  0x00007fc708227800 JavaThread "http-nio-8080-exec-2" daemon [_thread_blocked, id=32008, stack(0x00007fc6fb5dd000,0x00007fc6fb6de000)]
  0x00007fc6c8529800 JavaThread "http-nio-8080-exec-1" daemon [_thread_blocked, id=939, stack(0x00007fc6fb4dc000,0x00007fc6fb5dd000)]
  0x00007fc6cc0aa000 JavaThread "Catalina-utility-1" [_thread_blocked, id=1404, stack(0x00007fc6fb6de000,0x00007fc6fb7df000)]
  0x00007fc6cc026800 JavaThread "Catalina-utility-2" [_thread_blocked, id=1407, stack(0x00007fc76c1db000,0x00007fc76c2dc000)]
  0x00007fc6cc193000 JavaThread "container-0" [_thread_blocked, id=1409, stack(0x00007fc6fb3db000,0x00007fc6fb4dc000)]
  0x00007fc6cc0a9000 JavaThread "File Watcher" daemon [_thread_blocked, id=1413, stack(0x00007fc6fb1d9000,0x00007fc6fb2da000)]
  0x00007fc6cc024000 JavaThread "http-nio-8080-BlockPoller" daemon [_thread_in_native, id=1414, stack(0x00007fc6fadd5000,0x00007fc6faed6000)]
  0x00007fc6cc193800 JavaThread "http-nio-8080-exec-1" daemon [_thread_blocked, id=1415, stack(0x00007fc6fabd3000,0x00007fc6facd4000)]
  0x00007fc6cc194800 JavaThread "http-nio-8080-exec-2" daemon [_thread_blocked, id=1416, stack(0x00007fc76e1e4000,0x00007fc76e2e5000)]
  0x00007fc6cc1a4800 JavaThread "http-nio-8080-exec-3" daemon [_thread_blocked, id=1420, stack(0x00007fc76e0e3000,0x00007fc76e1e4000)]
  0x00007fc6cc1a5000 JavaThread "http-nio-8080-exec-4" daemon [_thread_blocked, id=1423, stack(0x00007fc6fb2da000,0x00007fc6fb3db000)]
  0x00007fc6cc1a6000 JavaThread "http-nio-8080-exec-5" daemon [_thread_blocked, id=1424, stack(0x00007fc76ef1c000,0x00007fc76f01d000)]
  0x00007fc6cc1a7000 JavaThread "http-nio-8080-exec-6" daemon [_thread_blocked, id=1434, stack(0x00007fc6faad2000,0x00007fc6fabd3000)]
  0x00007fc6cc1a8800 JavaThread "http-nio-8080-exec-7" daemon [_thread_blocked, id=1450, stack(0x00007fc6faed6000,0x00007fc6fafd7000)]
  0x00007fc6cc1a9800 JavaThread "http-nio-8080-exec-8" daemon [_thread_blocked, id=1468, stack(0x00007fc6f997e000,0x00007fc6f9a7f000)]
  0x00007fc6cc1aa800 JavaThread "http-nio-8080-exec-9" daemon [_thread_blocked, id=1474, stack(0x00007fc76dfe2000,0x00007fc76e0e3000)]
  0x00007fc6cc1ab800 JavaThread "http-nio-8080-exec-10" daemon [_thread_blocked, id=1475, stack(0x00007fc6f987d000,0x00007fc6f997e000)]
  0x00007fc6cc1af800 JavaThread "http-nio-8080-ClientPoller" daemon [_thread_in_native, id=1476, stack(0x00007fc76c0da000,0x00007fc76c1db000)]
  0x00007fc6cc1b1000 JavaThread "http-nio-8080-Acceptor" daemon [_thread_in_native, id=1477, stack(0x00007fc6fb0d8000,0x00007fc6fb1d9000)]

Other Threads:
  0x00007fc7a018a000 VMThread "VM Thread" [stack: 0x00007fc77c3f5000,0x00007fc77c4f5000] [id=31612]
  0x00007fc7a0663800 WatcherThread [stack: 0x00007fc76e4eb000,0x00007fc76e5eb000] [id=31629]
  0x00007fc7a0033800 GCTaskThread "GC Thread#0" [stack: 0x00007fc78828c000,0x00007fc78838c000] [id=31607]
  0x00007fc764001000 GCTaskThread "GC Thread#1" [stack: 0x00007fc76e3e9000,0x00007fc76e4e9000] [id=31630]
  0x00007fc764002800 GCTaskThread "GC Thread#2" [stack: 0x00007fc76e2e7000,0x00007fc76e3e7000] [id=31631]
  0x00007fc764085800 GCTaskThread "GC Thread#3" [stack: 0x00007fc76cee6000,0x00007fc76cfe6000] [id=31635]
  0x00007fc764087000 GCTaskThread "GC Thread#4" [stack: 0x00007fc76cde4000,0x00007fc76cee4000] [id=31636]
  0x00007fc764088800 GCTaskThread "GC Thread#5" [stack: 0x00007fc76cce2000,0x00007fc76cde2000] [id=31637]
  0x00007fc76408a800 GCTaskThread "GC Thread#6" [stack: 0x00007fc76cbe0000,0x00007fc76cce0000] [id=31638]
  0x00007fc76408c000 GCTaskThread "GC Thread#7" [stack: 0x00007fc76cade000,0x00007fc76cbde000] [id=31639]
  0x00007fc7a0064800 ConcurrentGCThread "G1 Main Marker" [stack: 0x00007fc77f005000,0x00007fc77f105000] [id=31608]
  0x00007fc7a0066800 ConcurrentGCThread "G1 Conc#0" [stack: 0x00007fc77ef03000,0x00007fc77f003000] [id=31609]
  0x00007fc778001000 ConcurrentGCThread "G1 Conc#1" [stack: 0x00007fc76d0a0000,0x00007fc76d1a0000] [id=31641]
  0x00007fc7a00ef800 ConcurrentGCThread "G1 Refine#0" [stack: 0x00007fc77c5f9000,0x00007fc77c6f9000] [id=31610]
  0x00007fc7a00f1000 ConcurrentGCThread "G1 Young RemSet Sampling" [stack: 0x00007fc77c4f7000,0x00007fc77c5f7000] [id=31611]

Threads with active compile tasks:

VM state:not at safepoint (normal execution)

VM Mutex/Monitor currently owned by a thread: None

Heap address: 0x0000000085200000, size: 1966 MB, Compressed Oops mode: 32-bit
Narrow klass base: 0x0000000800000000, Narrow klass shift: 3
Compressed class space size: 1073741824 Address: 0x0000000840000000

Heap:
 garbage-first heap   total 75776K, used 50001K [0x0000000085200000, 0x0000000100000000)
  region size 1024K, 25 young (25600K), 2 survivors (2048K)
 Metaspace       used 42741K, capacity 44618K, committed 44800K, reserved 1087488K
  class space    used 5119K, capacity 5875K, committed 5888K, reserved 1048576K
Heap Regions: E=young(eden), S=young(survivor), O=old, HS=humongous(starts), HC=humongous(continues), CS=collection set, F=free, A=archive, TAMS=top-at-mark-start (previous, next)
|   0|0x0000000085200000, 0x00000000852ffff8, 0x0000000085300000| 99%| O|  |TAMS 0x0000000085200000, 0x0000000085200000| Untracked 
|   1|0x0000000085300000, 0x00000000853fffd8, 0x0000000085400000| 99%| O|  |TAMS 0x0000000085300000, 0x0000000085300000| Untracked 
|   2|0x0000000085400000, 0x0000000085500000, 0x0000000085500000|100%| O|  |TAMS 0x0000000085400000, 0x0000000085400000| Untracked 
|   3|0x0000000085500000, 0x00000000855ffff0, 0x0000000085600000| 99%| O|  |TAMS 0x0000000085500000, 0x0000000085500000| Untracked 
|   4|0x0000000085600000, 0x0000000085700000, 0x0000000085700000|100%| O|  |TAMS 0x0000000085600000, 0x0000000085600000| Untracked 
|   5|0x0000000085700000, 0x00000000857fffe8, 0x0000000085800000| 99%| O|  |TAMS 0x0000000085700000, 0x0000000085700000| Untracked 
|   6|0x0000000085800000, 0x00000000858fffe8, 0x0000000085900000| 99%| O|  |TAMS 0x0000000085800000, 0x0000000085800000| Untracked 
|   7|0x0000000085900000, 0x00000000859fffe8, 0x0000000085a00000| 99%| O|  |TAMS 0x0000000085900000, 0x0000000085900000| Untracked 
|   8|0x0000000085a00000, 0x0000000085afffb8, 0x0000000085b00000| 99%| O|  |TAMS 0x0000000085a00000, 0x0000000085a00000| Untracked 
|   9|0x0000000085b00000, 0x0000000085bfffe0, 0x0000000085c00000| 99%| O|  |TAMS 0x0000000085b00000, 0x0000000085b00000| Untracked 
|  10|0x0000000085c00000, 0x0000000085cffff0, 0x0000000085d00000| 99%| O|  |TAMS 0x0000000085c00000, 0x0000000085c00000| Untracked 
|  11|0x0000000085d00000, 0x0000000085dfffe8, 0x0000000085e00000| 99%| O|  |TAMS 0x0000000085d00000, 0x0000000085d00000| Untracked 
|  12|0x0000000085e00000, 0x0000000085effff0, 0x0000000085f00000| 99%| O|  |TAMS 0x0000000085e00000, 0x0000000085e00000| Untracked 
|  13|0x0000000085f00000, 0x0000000085fffff8, 0x0000000086000000| 99%| O|  |TAMS 0x0000000085f00000, 0x0000000085f00000| Untracked 
|  14|0x0000000086000000, 0x00000000860ffff8, 0x0000000086100000| 99%| O|  |TAMS 0x0000000086000000, 0x0000000086000000| Untracked 
|  15|0x0000000086100000, 0x00000000861ffff0, 0x0000000086200000| 99%| O|  |TAMS 0x0000000086100000, 0x0000000086100000| Untracked 
|  16|0x0000000086200000, 0x0000000086300000, 0x0000000086300000|100%| O|  |TAMS 0x0000000086200000, 0x0000000086200000| Untracked 
|  17|0x0000000086300000, 0x00000000863ffff0, 0x0000000086400000| 99%| O|  |TAMS 0x0000000086300000, 0x0000000086300000| Untracked 
|  18|0x0000000086400000, 0x00000000864fffc0, 0x0000000086500000| 99%| O|  |TAMS 0x0000000086400000, 0x0000000086400000| Untracked 
|  19|0x0000000086500000, 0x00000000865ffff8, 0x0000000086600000| 99%| O|  |TAMS 0x0000000086500000, 0x0000000086500000| Untracked 
|  20|0x0000000086600000, 0x00000000866ffff8, 0x0000000086700000| 99%| O|  |TAMS 0x0000000086600000, 0x0000000086600000| Untracked 
|  21|0x0000000086700000, 0x000000008674af20, 0x0000000086800000| 29%| O|  |TAMS 0x0000000086700000, 0x0000000086700000| Untracked 
|  22|0x0000000086800000, 0x0000000086800000, 0x0000000086900000|  0%| F|  |TAMS 0x0000000086800000, 0x0000000086800000| Untracked 
|  23|0x0000000086900000, 0x0000000086900000, 0x0000000086a00000|  0%| F|  |TAMS 0x0000000086900000, 0x0000000086900000| Untracked 
|  24|0x0000000086a00000, 0x0000000086a00000, 0x0000000086b00000|  0%| F|  |TAMS 0x0000000086a00000, 0x0000000086a00000| Untracked 
|  25|0x0000000086b00000, 0x0000000086b00000, 0x0000000086c00000|  0%| F|  |TAMS 0x0000000086b00000, 0x0000000086b00000| Untracked 
|  26|0x0000000086c00000, 0x0000000086c00000, 0x0000000086d00000|  0%| F|  |TAMS 0x0000000086c00000, 0x0000000086c00000| Untracked 
|  27|0x0000000086d00000, 0x0000000086d00000, 0x0000000086e00000|  0%| F|  |TAMS 0x0000000086d00000, 0x0000000086d00000| Untracked 
|  28|0x0000000086e00000, 0x0000000086e00000, 0x0000000086f00000|  0%| F|  |TAMS 0x0000000086e00000, 0x0000000086e00000| Untracked 
|  29|0x0000000086f00000, 0x0000000086f00000, 0x0000000087000000|  0%| F|  |TAMS 0x0000000086f00000, 0x0000000086f00000| Untracked 
|  30|0x0000000087000000, 0x0000000087000000, 0x0000000087100000|  0%| F|  |TAMS 0x0000000087000000, 0x0000000087000000| Untracked 
|  31|0x0000000087100000, 0x00000000871ffff0, 0x0000000087200000| 99%| O|  |TAMS 0x0000000087100000, 0x0000000087100000| Untracked 
|  32|0x0000000087200000, 0x0000000087200000, 0x0000000087300000|  0%| F|  |TAMS 0x0000000087200000, 0x0000000087200000| Untracked 
|  33|0x0000000087300000, 0x0000000087400000, 0x0000000087400000|100%| O|  |TAMS 0x0000000087300000, 0x0000000087300000| Untracked 
|  34|0x0000000087400000, 0x00000000874e0618, 0x0000000087500000| 87%| O|  |TAMS 0x0000000087400000, 0x0000000087400000| Untracked 
|  35|0x0000000087500000, 0x0000000087500000, 0x0000000087600000|  0%| F|  |TAMS 0x0000000087500000, 0x0000000087500000| Untracked 
|  36|0x0000000087600000, 0x0000000087600000, 0x0000000087700000|  0%| F|  |TAMS 0x0000000087600000, 0x0000000087600000| Untracked 
|  37|0x0000000087700000, 0x00000000877d5328, 0x0000000087800000| 83%| O|  |TAMS 0x0000000087700000, 0x0000000087700000| Untracked 
|  38|0x0000000087800000, 0x0000000087900000, 0x0000000087900000|100%| S|CS|TAMS 0x0000000087800000, 0x0000000087800000| Complete 
|  39|0x0000000087900000, 0x0000000087a00000, 0x0000000087a00000|100%| S|CS|TAMS 0x0000000087900000, 0x0000000087900000| Complete 
|  40|0x0000000087a00000, 0x0000000087a00000, 0x0000000087b00000|  0%| F|  |TAMS 0x0000000087a00000, 0x0000000087a00000| Untracked 
|  41|0x0000000087b00000, 0x0000000087b21fc8, 0x0000000087c00000| 13%| O|  |TAMS 0x0000000087b00000, 0x0000000087b00000| Untracked 
|  42|0x0000000087c00000, 0x0000000087c00000, 0x0000000087d00000|  0%| F|  |TAMS 0x0000000087c00000, 0x0000000087c00000| Untracked 
|  43|0x0000000087d00000, 0x0000000087d00000, 0x0000000087e00000|  0%| F|  |TAMS 0x0000000087d00000, 0x0000000087d00000| Untracked 
|  44|0x0000000087e00000, 0x0000000087e00000, 0x0000000087f00000|  0%| F|  |TAMS 0x0000000087e00000, 0x0000000087e00000| Untracked 
|  45|0x0000000087f00000, 0x0000000087f00000, 0x0000000088000000|  0%| F|  |TAMS 0x0000000087f00000, 0x0000000087f00000| Untracked 
|  46|0x0000000088000000, 0x0000000088000000, 0x0000000088100000|  0%| F|  |TAMS 0x0000000088000000, 0x0000000088000000| Untracked 
|  47|0x0000000088100000, 0x0000000088100000, 0x0000000088200000|  0%| F|  |TAMS 0x0000000088100000, 0x0000000088100000| Untracked 
|  48|0x0000000088200000, 0x0000000088200000, 0x0000000088300000|  0%| F|  |TAMS 0x0000000088200000, 0x0000000088200000| Untracked 
|  49|0x0000000088300000, 0x000000008837e578, 0x0000000088400000| 49%| E|  |TAMS 0x0000000088300000, 0x0000000088300000| Complete 
|  50|0x0000000088400000, 0x0000000088500000, 0x0000000088500000|100%| E|CS|TAMS 0x0000000088400000, 0x0000000088400000| Complete 
|  51|0x0000000088500000, 0x0000000088600000, 0x0000000088600000|100%| E|CS|TAMS 0x0000000088500000, 0x0000000088500000| Complete 
|  52|0x0000000088600000, 0x0000000088700000, 0x0000000088700000|100%| E|CS|TAMS 0x0000000088600000, 0x0000000088600000| Complete 
|  53|0x0000000088700000, 0x0000000088800000, 0x0000000088800000|100%| E|CS|TAMS 0x0000000088700000, 0x0000000088700000| Complete 
|  54|0x0000000088800000, 0x0000000088900000, 0x0000000088900000|100%| E|CS|TAMS 0x0000000088800000, 0x0000000088800000| Complete 
|  55|0x0000000088900000, 0x0000000088a00000, 0x0000000088a00000|100%| E|CS|TAMS 0x0000000088900000, 0x0000000088900000| Complete 
|  56|0x0000000088a00000, 0x0000000088b00000, 0x0000000088b00000|100%| E|CS|TAMS 0x0000000088a00000, 0x0000000088a00000| Complete 
|  57|0x0000000088b00000, 0x0000000088c00000, 0x0000000088c00000|100%| E|CS|TAMS 0x0000000088b00000, 0x0000000088b00000| Complete 
|  58|0x0000000088c00000, 0x0000000088d00000, 0x0000000088d00000|100%| E|CS|TAMS 0x0000000088c00000, 0x0000000088c00000| Complete 
|  59|0x0000000088d00000, 0x0000000088e00000, 0x0000000088e00000|100%| E|CS|TAMS 0x0000000088d00000, 0x0000000088d00000| Complete 
|  60|0x0000000088e00000, 0x0000000088f00000, 0x0000000088f00000|100%| E|CS|TAMS 0x0000000088e00000, 0x0000000088e00000| Complete 
|  61|0x0000000088f00000, 0x0000000089000000, 0x0000000089000000|100%| E|CS|TAMS 0x0000000088f00000, 0x0000000088f00000| Complete 
|  62|0x0000000089000000, 0x0000000089100000, 0x0000000089100000|100%| E|CS|TAMS 0x0000000089000000, 0x0000000089000000| Complete 
|  63|0x0000000089100000, 0x0000000089200000, 0x0000000089200000|100%| E|CS|TAMS 0x0000000089100000, 0x0000000089100000| Complete 
| 100|0x000000008b600000, 0x000000008b700000, 0x000000008b700000|100%| E|CS|TAMS 0x000000008b600000, 0x000000008b600000| Complete 
| 102|0x000000008b800000, 0x000000008b900000, 0x000000008b900000|100%| E|  |TAMS 0x000000008b800000, 0x000000008b800000| Complete 
| 103|0x000000008b900000, 0x000000008ba00000, 0x000000008ba00000|100%| E|CS|TAMS 0x000000008b900000, 0x000000008b900000| Complete 
| 104|0x000000008ba00000, 0x000000008bb00000, 0x000000008bb00000|100%| E|CS|TAMS 0x000000008ba00000, 0x000000008ba00000| Complete 
| 106|0x000000008bc00000, 0x000000008bd00000, 0x000000008bd00000|100%| E|CS|TAMS 0x000000008bc00000, 0x000000008bc00000| Complete 
| 110|0x000000008c000000, 0x000000008c100000, 0x000000008c100000|100%| E|CS|TAMS 0x000000008c000000, 0x000000008c000000| Complete 
| 113|0x000000008c300000, 0x000000008c400000, 0x000000008c400000|100%| E|CS|TAMS 0x000000008c300000, 0x000000008c300000| Complete 
| 117|0x000000008c700000, 0x000000008c800000, 0x000000008c800000|100%| E|CS|TAMS 0x000000008c700000, 0x000000008c700000| Complete 
|1964|0x00000000ffe00000, 0x00000000ffe47000, 0x00000000fff00000| 27%|OA|  |TAMS 0x00000000ffe47000, 0x00000000ffe00000| Untracked 
|1965|0x00000000fff00000, 0x00000000fff6b000, 0x0000000100000000| 41%|CA|  |TAMS 0x00000000fff6b000, 0x00000000fff00000| Untracked 

Card table byte_map: [0x00007fc78324c000,0x00007fc783623000] _byte_map_base: 0x00007fc782e23000

Marking Bits (Prev, Next): (CMBitMap*) 0x00007fc7a005c158, (CMBitMap*) 0x00007fc7a005c190
 Prev Bits: [0x00007fc780fbd000, 0x00007fc782e75000)
 Next Bits: [0x00007fc77f105000, 0x00007fc780fbd000)

Polling page: 0x00007fc7a812e000

Metaspace:

Usage:
  Non-class:     37.83 MB capacity,    36.74 MB ( 97%) used,   922.34 KB (  2%) free+waste,   198.25 KB ( <1%) overhead. 
      Class:      5.74 MB capacity,     5.00 MB ( 87%) used,   662.86 KB ( 11%) free+waste,    92.56 KB (  2%) overhead. 
       Both:     43.57 MB capacity,    41.74 MB ( 96%) used,     1.55 MB (  4%) free+waste,   290.81 KB ( <1%) overhead. 

Virtual space:
  Non-class space:       38.00 MB reserved,      38.00 MB (100%) committed 
      Class space:        1.00 GB reserved,       5.75 MB ( <1%) committed 
             Both:        1.04 GB reserved,      43.75 MB (  4%) committed 

Chunk freelists:
   Non-Class:  45.00 KB
       Class:  1.00 KB
        Both:  46.00 KB

MaxMetaspaceSize: unlimited
CompressedClassSpaceSize: 1.00 GB

CodeHeap 'non-profiled nmethods': size=120032Kb used=5521Kb max_used=5521Kb free=114510Kb
 bounds [0x00007fc78ff3f000, 0x00007fc7904af000, 0x00007fc797477000]
CodeHeap 'profiled nmethods': size=120028Kb used=15486Kb max_used=15486Kb free=104542Kb
 bounds [0x00007fc788a08000, 0x00007fc789928000, 0x00007fc78ff3f000]
CodeHeap 'non-nmethods': size=5700Kb used=1251Kb max_used=1394Kb free=4448Kb
 bounds [0x00007fc788477000, 0x00007fc7886e7000, 0x00007fc788a08000]
 total_blobs=7221 nmethods=6678 adapters=463
 compilation: enabled
              stopped_count=0, restarted_count=0
 full_count=0

Compilation events (20 events):
Event: 1295.095 Thread 0x00007fc7a019b000 nmethod 7081 0x00007fc789926d90 code [0x00007fc789926fe0, 0x00007fc789927490]
Event: 1295.122 Thread 0x00007fc7a0199000 nmethod 6868 0x00007fc790488d10 code [0x00007fc7904892a0, 0x00007fc7904923f8]
Event: 1295.122 Thread 0x00007fc7a0199000 6947   !   4       org.springframework.beans.factory.support.DefaultListableBeanFactory::doGetBeanNamesForType (516 bytes)
Event: 1295.221 Thread 0x00007fc7a0199000 nmethod 6947 0x00007fc790496710 code [0x00007fc790496c40, 0x00007fc79049c090]
Event: 1295.221 Thread 0x00007fc7a0199000 7045       4       java.nio.Buffer::nextGetIndex (32 bytes)
Event: 1295.221 Thread 0x00007fc7a0199000 nmethod 7045 0x00007fc79049e890 code [0x00007fc79049ea20, 0x00007fc79049eab8]
Event: 1295.221 Thread 0x00007fc7a0199000 6859       4       java.util.RegularEnumSet::add (9 bytes)
Event: 1295.222 Thread 0x00007fc7a0199000 nmethod 6859 0x00007fc79049eb90 code [0x00007fc79049ed20, 0x00007fc79049ee98]
Event: 1295.222 Thread 0x00007fc7a0199000 6860       4       java.util.RegularEnumSet::add (40 bytes)
Event: 1295.223 Thread 0x00007fc7a0199000 nmethod 6860 0x00007fc79049f010 code [0x00007fc79049f1a0, 0x00007fc79049f2d8]
Event: 1295.223 Thread 0x00007fc7a0199000 6861       4       java.util.EnumSet::typeCheck (59 bytes)
Event: 1295.224 Thread 0x00007fc7a0199000 nmethod 6861 0x00007fc79049f410 code [0x00007fc79049f5a0, 0x00007fc79049f698]
Event: 1295.224 Thread 0x00007fc7a0199000 6936       4       java.lang.Class::annotationData (44 bytes)
Event: 1295.236 Thread 0x00007fc7a0199000 nmethod 6936 0x00007fc79049f790 code [0x00007fc79049f9e0, 0x00007fc7904a0660]
Event: 1295.236 Thread 0x00007fc7a0199000 7029       4       java.lang.Class::getDeclaredAnnotations (11 bytes)
Event: 1295.244 Thread 0x00007fc7a0199000 nmethod 7029 0x00007fc7904a1090 code [0x00007fc7904a12a0, 0x00007fc7904a1d48]
Event: 1295.244 Thread 0x00007fc7a0199000 7078       4       ch.qos.logback.classic.LoggerContext::getTurboFilterChainDecision_0_3OrMore (31 bytes)
Event: 1295.248 Thread 0x00007fc7a0199000 nmethod 7078 0x00007fc7904a2290 code [0x00007fc7904a2460, 0x00007fc7904a2968]
Event: 1295.248 Thread 0x00007fc7a0199000 6910       4       org.springframework.util.ClassUtils::resolvePrimitiveIfNecessary (37 bytes)
Event: 1295.251 Thread 0x00007fc7a0199000 nmethod 6910 0x00007fc7904a2d90 code [0x00007fc7904a2f40, 0x00007fc7904a31a8]

GC Heap History (20 events):
Event: 268.293 GC heap before
{Heap before GC invocations=12 (full 2):
 garbage-first heap   total 75776K, used 54464K [0x0000000085200000, 0x0000000100000000)
  region size 1024K, 34 young (34816K), 0 survivors (0K)
 Metaspace       used 41187K, capacity 42828K, committed 43136K, reserved 1087488K
  class space    used 5000K, capacity 5641K, committed 5760K, reserved 1048576K
}
Event: 268.296 GC heap after
{Heap after GC invocations=13 (full 2):
 garbage-first heap   total 75776K, used 22024K [0x0000000085200000, 0x0000000100000000)
  region size 1024K, 3 young (3072K), 3 survivors (3072K)
 Metaspace       used 41187K, capacity 42828K, committed 43136K, reserved 1087488K
  class space    used 5000K, capacity 5641K, committed 5760K, reserved 1048576K
}
Event: 285.927 GC heap before
{Heap before GC invocations=13 (full 2):
 garbage-first heap   total 75776K, used 42504K [0x0000000085200000, 0x0000000100000000)
  region size 1024K, 24 young (24576K), 3 survivors (3072K)
 Metaspace       used 41400K, capacity 43077K, committed 43392K, reserved 1087488K
  class space    used 5008K, capacity 5654K, committed 5760K, reserved 1048576K
}
Event: 285.970 GC heap after
{Heap after GC invocations=14 (full 3):
 garbage-first heap   total 75776K, used 21160K [0x0000000085200000, 0x0000000100000000)
  region size 1024K, 0 young (0K), 0 survivors (0K)
 Metaspace       used 41400K, capacity 43077K, committed 43392K, reserved 1087488K
  class space    used 5008K, capacity 5654K, committed 5760K, reserved 1048576K
}
Event: 286.241 GC heap before
{Heap before GC invocations=14 (full 3):
 garbage-first heap   total 75776K, used 53928K [0x0000000085200000, 0x0000000100000000)
  region size 1024K, 33 young (33792K), 0 survivors (0K)
 Metaspace       used 41522K, capacity 43267K, committed 43648K, reserved 1087488K
  class space    used 5015K, capacity 5667K, committed 5760K, reserved 1048576K
}
Event: 286.243 GC heap after
{Heap after GC invocations=15 (full 3):
 garbage-first heap   total 75776K, used 23531K [0x0000000085200000, 0x0000000100000000)
  region size 1024K, 3 young (3072K), 3 survivors (3072K)
 Metaspace       used 41522K, capacity 43267K, committed 43648K, reserved 1087488K
  class space    used 5015K, capacity 5667K, committed 5760K, reserved 1048576K
}
Event: 902.740 GC heap before
{Heap before GC invocations=15 (full 3):
 garbage-first heap   total 75776K, used 54251K [0x0000000085200000, 0x0000000100000000)
  region size 1024K, 34 young (34816K), 3 survivors (3072K)
 Metaspace       used 42029K, capacity 43739K, committed 43904K, reserved 1087488K
  class space    used 5073K, capacity 5727K, committed 5760K, reserved 1048576K
}
Event: 902.842 GC heap after
{Heap after GC invocations=16 (full 3):
 garbage-first heap   total 75776K, used 24010K [0x0000000085200000, 0x0000000100000000)
  region size 1024K, 3 young (3072K), 3 survivors (3072K)
 Metaspace       used 42029K, capacity 43739K, committed 43904K, reserved 1087488K
  class space    used 5073K, capacity 5727K, committed 5760K, reserved 1048576K
}
Event: 980.841 GC heap before
{Heap before GC invocations=16 (full 3):
 garbage-first heap   total 75776K, used 28106K [0x0000000085200000, 0x0000000100000000)
  region size 1024K, 8 young (8192K), 3 survivors (3072K)
 Metaspace       used 42177K, capacity 43977K, committed 44288K, reserved 1087488K
  class space    used 5089K, capacity 5833K, committed 5888K, reserved 1048576K
}
Event: 980.912 GC heap after
{Heap after GC invocations=17 (full 4):
 garbage-first heap   total 75776K, used 23138K [0x0000000085200000, 0x0000000100000000)
  region size 1024K, 0 young (0K), 0 survivors (0K)
 Metaspace       used 42177K, capacity 43977K, committed 44288K, reserved 1087488K
  class space    used 5089K, capacity 5833K, committed 5888K, reserved 1048576K
}
Event: 981.293 GC heap before
{Heap before GC invocations=17 (full 4):
 garbage-first heap   total 75776K, used 55906K [0x0000000085200000, 0x0000000100000000)
  region size 1024K, 32 young (32768K), 0 survivors (0K)
 Metaspace       used 42259K, capacity 44066K, committed 44288K, reserved 1087488K
  class space    used 5092K, capacity 5837K, committed 5888K, reserved 1048576K
}
Event: 981.296 GC heap after
{Heap after GC invocations=18 (full 4):
 garbage-first heap   total 75776K, used 25269K [0x0000000085200000, 0x0000000100000000)
  region size 1024K, 3 young (3072K), 3 survivors (3072K)
 Metaspace       used 42259K, capacity 44066K, committed 44288K, reserved 1087488K
  class space    used 5092K, capacity 5837K, committed 5888K, reserved 1048576K
}
Event: 1176.375 GC heap before
{Heap before GC invocations=18 (full 4):
 garbage-first heap   total 75776K, used 47797K [0x0000000085200000, 0x0000000100000000)
  region size 1024K, 27 young (27648K), 3 survivors (3072K)
 Metaspace       used 42364K, capacity 44275K, committed 44544K, reserved 1087488K
  class space    used 5097K, capacity 5842K, committed 5888K, reserved 1048576K
}
Event: 1176.423 GC heap after
{Heap after GC invocations=19 (full 5):
 garbage-first heap   total 75776K, used 24912K [0x0000000085200000, 0x0000000100000000)
  region size 1024K, 0 young (0K), 0 survivors (0K)
 Metaspace       used 42364K, capacity 44275K, committed 44544K, reserved 1087488K
  class space    used 5097K, capacity 5842K, committed 5888K, reserved 1048576K
}
Event: 1176.680 GC heap before
{Heap before GC invocations=19 (full 5):
 garbage-first heap   total 75776K, used 57680K [0x0000000085200000, 0x0000000100000000)
  region size 1024K, 32 young (32768K), 0 survivors (0K)
 Metaspace       used 42469K, capacity 44416K, committed 44544K, reserved 1087488K
  class space    used 5106K, capacity 5858K, committed 5888K, reserved 1048576K
}
Event: 1176.682 GC heap after
{Heap after GC invocations=20 (full 5):
 garbage-first heap   total 75776K, used 27102K [0x0000000085200000, 0x0000000100000000)
  region size 1024K, 3 young (3072K), 3 survivors (3072K)
 Metaspace       used 42469K, capacity 44416K, committed 44544K, reserved 1087488K
  class space    used 5106K, capacity 5858K, committed 5888K, reserved 1048576K
}
Event: 1294.573 GC heap before
{Heap before GC invocations=20 (full 5):
 garbage-first heap   total 75776K, used 50654K [0x0000000085200000, 0x0000000100000000)
  region size 1024K, 28 young (28672K), 3 survivors (3072K)
 Metaspace       used 42601K, capacity 44518K, committed 44800K, reserved 1087488K
  class space    used 5116K, capacity 5871K, committed 5888K, reserved 1048576K
}
Event: 1294.630 GC heap after
{Heap after GC invocations=21 (full 6):
 garbage-first heap   total 75776K, used 26449K [0x0000000085200000, 0x0000000100000000)
  region size 1024K, 0 young (0K), 0 survivors (0K)
 Metaspace       used 42601K, capacity 44518K, committed 44800K, reserved 1087488K
  class space    used 5116K, capacity 5871K, committed 5888K, reserved 1048576K
}
Event: 1294.907 GC heap before
{Heap before GC invocations=21 (full 6):
 garbage-first heap   total 75776K, used 58193K [0x0000000085200000, 0x0000000100000000)
  region size 1024K, 31 young (31744K), 0 survivors (0K)
 Metaspace       used 42677K, capacity 44613K, committed 44800K, reserved 1087488K
  class space    used 5119K, capacity 5875K, committed 5888K, reserved 1048576K
}
Event: 1294.909 GC heap after
{Heap after GC invocations=22 (full 6):
 garbage-first heap   total 75776K, used 28497K [0x0000000085200000, 0x0000000100000000)
  region size 1024K, 2 young (2048K), 2 survivors (2048K)
 Metaspace       used 42677K, capacity 44613K, committed 44800K, reserved 1087488K
  class space    used 5119K, capacity 5875K, committed 5888K, reserved 1048576K
}

Deoptimization events (20 events):
Event: 1295.073 Thread 0x00007fc6c8532000 DEOPT PACKING pc=0x00007fc789263bec sp=0x00007fc6fb0d57b0
Event: 1295.073 Thread 0x00007fc6c8532000 DEOPT UNPACKING pc=0x00007fc7884ae53a sp=0x00007fc6fb0d4c90 mode 1
Event: 1295.073 Thread 0x00007fc6c8532000 DEOPT PACKING pc=0x00007fc7890f03ec sp=0x00007fc6fb0d56d0
Event: 1295.073 Thread 0x00007fc6c8532000 DEOPT UNPACKING pc=0x00007fc7884ae53a sp=0x00007fc6fb0d4c10 mode 1
Event: 1295.073 Thread 0x00007fc6c8532000 DEOPT PACKING pc=0x00007fc789263bec sp=0x00007fc6fb0d57b0
Event: 1295.073 Thread 0x00007fc6c8532000 DEOPT UNPACKING pc=0x00007fc7884ae53a sp=0x00007fc6fb0d4c90 mode 1
Event: 1295.073 Thread 0x00007fc6c8532000 DEOPT PACKING pc=0x00007fc7890f03ec sp=0x00007fc6fb0d56d0
Event: 1295.073 Thread 0x00007fc6c8532000 DEOPT UNPACKING pc=0x00007fc7884ae53a sp=0x00007fc6fb0d4c10 mode 1
Event: 1295.073 Thread 0x00007fc6c8532000 DEOPT PACKING pc=0x00007fc789263bec sp=0x00007fc6fb0d57b0
Event: 1295.073 Thread 0x00007fc6c8532000 DEOPT UNPACKING pc=0x00007fc7884ae53a sp=0x00007fc6fb0d4c90 mode 1
Event: 1295.073 Thread 0x00007fc6c8532000 DEOPT PACKING pc=0x00007fc7890f03ec sp=0x00007fc6fb0d56d0
Event: 1295.073 Thread 0x00007fc6c8532000 DEOPT UNPACKING pc=0x00007fc7884ae53a sp=0x00007fc6fb0d4c10 mode 1
Event: 1295.073 Thread 0x00007fc6c8532000 DEOPT PACKING pc=0x00007fc789263bec sp=0x00007fc6fb0d57b0
Event: 1295.073 Thread 0x00007fc6c8532000 DEOPT UNPACKING pc=0x00007fc7884ae53a sp=0x00007fc6fb0d4c90 mode 1
Event: 1295.090 Thread 0x00007fc6c8532000 DEOPT PACKING pc=0x00007fc7897c661c sp=0x00007fc6fb0d59b0
Event: 1295.090 Thread 0x00007fc6c8532000 DEOPT UNPACKING pc=0x00007fc7884ae53a sp=0x00007fc6fb0d4ef8 mode 1
Event: 1295.090 Thread 0x00007fc6c8532000 DEOPT PACKING pc=0x00007fc7897c661c sp=0x00007fc6fb0d5940
Event: 1295.090 Thread 0x00007fc6c8532000 DEOPT UNPACKING pc=0x00007fc7884ae53a sp=0x00007fc6fb0d4e88 mode 1
Event: 1295.090 Thread 0x00007fc6c8532000 DEOPT PACKING pc=0x00007fc7897c661c sp=0x00007fc6fb0d58d0
Event: 1295.090 Thread 0x00007fc6c8532000 DEOPT UNPACKING pc=0x00007fc7884ae53a sp=0x00007fc6fb0d4e18 mode 1

Classes redefined (20 events):
Event: 973.211 Thread 0x00007fc7a018a000 redefined class name=com.example.linechat.linechat.LinechatApplication, count=1
Event: 973.233 Thread 0x00007fc7a018a000 redefined class name=com.example.linechat.linechat.LinechatApplication, count=1
Event: 973.254 Thread 0x00007fc7a018a000 redefined class name=com.example.linechat.linechat.LinechatApplication, count=1
Event: 973.276 Thread 0x00007fc7a018a000 redefined class name=com.example.linechat.linechat.lineServerToAsyncApiRequest, count=1
Event: 973.300 Thread 0x00007fc7a018a000 redefined class name=com.example.linechat.linechat.LineMessageUtils, count=2
Event: 973.327 Thread 0x00007fc7a018a000 redefined class name=com.example.linechat.linechat.lineServerToAsyncApiRequest, count=1
Event: 973.355 Thread 0x00007fc7a018a000 redefined class name=com.example.linechat.linechat.lineServerToAsyncApiRequest, count=1
Event: 973.376 Thread 0x00007fc7a018a000 redefined class name=com.example.linechat.linechat.lineServerToAsyncApiRequest, count=1
Event: 973.397 Thread 0x00007fc7a018a000 redefined class name=com.example.linechat.linechat.CallbackController, count=3
Event: 973.428 Thread 0x00007fc7a018a000 redefined class name=com.example.linechat.linechat.LineMessageUtils, count=1
Event: 973.458 Thread 0x00007fc7a018a000 redefined class name=com.example.linechat.linechat.CallbackController, count=1
Event: 1167.994 Thread 0x00007fc7a018a000 redefined class name=com.example.linechat.linechat.LineMessageUtils, count=1
Event: 1168.018 Thread 0x00007fc7a018a000 redefined class name=com.example.linechat.linechat.LineMessageUtils, count=2
Event: 1168.041 Thread 0x00007fc7a018a000 redefined class name=com.example.linechat.linechat.LineMessageUtils, count=3
Event: 1293.002 Thread 0x00007fc7a018a000 redefined class name=com.example.linechat.linechat.CallbackController, count=1
Event: 1293.027 Thread 0x00007fc7a018a000 redefined class name=com.example.linechat.linechat.CallbackController, count=3
Event: 1293.052 Thread 0x00007fc7a018a000 redefined class name=com.example.linechat.linechat.CallbackController, count=1
Event: 1293.076 Thread 0x00007fc7a018a000 redefined class name=com.example.linechat.linechat.CallbackController, count=4
Event: 1293.100 Thread 0x00007fc7a018a000 redefined class name=com.example.linechat.linechat.CallbackController, count=2
Event: 1293.123 Thread 0x00007fc7a018a000 redefined class name=com.example.linechat.linechat.CallbackController, count=2

Internal exceptions (20 events):
Event: 267.977 Thread 0x00007fc73c0a6800 Exception <a 'java/io/FileNotFoundException'{0x000000008c30dba8}> (0x000000008c30dba8) thrown at [./src/hotspot/share/prims/jni.cpp, line 615]
Event: 268.312 Thread 0x00007fc73c0a6800 Exception <a 'java/io/FileNotFoundException'{0x000000008b9e59a0}> (0x000000008b9e59a0) thrown at [./src/hotspot/share/prims/jni.cpp, line 615]
Event: 268.356 Thread 0x00007fc73c0a6800 Exception <a 'java/io/FileNotFoundException'{0x00000000891811f0}> (0x00000000891811f0) thrown at [./src/hotspot/share/prims/jni.cpp, line 615]
Event: 285.922 Thread 0x00007fc700180000 Exception <a 'java/lang/InterruptedException'{0x00000000884297b8}: sleep interrupted> (0x00000000884297b8) thrown at [./src/hotspot/share/prims/jvm.cpp, line 3125]
Event: 285.984 Thread 0x00007fc73c01c800 Exception <a 'java/io/FileNotFoundException'{0x000000008c313db0}> (0x000000008c313db0) thrown at [./src/hotspot/share/prims/jni.cpp, line 615]
Event: 286.260 Thread 0x00007fc73c01c800 Exception <a 'java/io/FileNotFoundException'{0x000000008b8fc818}> (0x000000008b8fc818) thrown at [./src/hotspot/share/prims/jni.cpp, line 615]
Event: 286.287 Thread 0x00007fc73c01c800 Exception <a 'java/io/FileNotFoundException'{0x00000000890914b0}> (0x00000000890914b0) thrown at [./src/hotspot/share/prims/jni.cpp, line 615]
Event: 467.587 Thread 0x00007fc7081fe000 Exception <a 'java/net/ConnectException'{0x0000000087f5b480}> (0x0000000087f5b480) thrown at [./src/hotspot/share/prims/jni.cpp, line 615]
Event: 980.823 Thread 0x00007fc7080a3800 Exception <a 'java/lang/InterruptedException'{0x000000008ba00040}: sleep interrupted> (0x000000008ba00040) thrown at [./src/hotspot/share/prims/jvm.cpp, line 3125]
Event: 981.010 Thread 0x00007fc73cff3000 Exception <a 'java/io/FileNotFoundException'{0x000000008c311048}> (0x000000008c311048) thrown at [./src/hotspot/share/prims/jni.cpp, line 615]
Event: 981.446 Thread 0x00007fc73cff3000 Exception <a 'java/io/FileNotFoundException'{0x000000008b6e8088}> (0x000000008b6e8088) thrown at [./src/hotspot/share/prims/jni.cpp, line 615]
Event: 981.487 Thread 0x00007fc73cff3000 Exception <a 'java/io/FileNotFoundException'{0x0000000088f7ffa0}> (0x0000000088f7ffa0) thrown at [./src/hotspot/share/prims/jni.cpp, line 615]
Event: 1176.367 Thread 0x00007fc6c813d000 Exception <a 'java/lang/InterruptedException'{0x00000000882cb850}: sleep interrupted> (0x00000000882cb850) thrown at [./src/hotspot/share/prims/jvm.cpp, line 3125]
Event: 1176.435 Thread 0x00007fc6c8532000 Exception <a 'java/io/FileNotFoundException'{0x000000008c30cf78}> (0x000000008c30cf78) thrown at [./src/hotspot/share/prims/jni.cpp, line 615]
Event: 1176.734 Thread 0x00007fc6c8532000 Exception <a 'java/io/FileNotFoundException'{0x000000008b6ecba8}> (0x000000008b6ecba8) thrown at [./src/hotspot/share/prims/jni.cpp, line 615]
Event: 1176.759 Thread 0x00007fc6c8532000 Exception <a 'java/io/FileNotFoundException'{0x0000000088f89510}> (0x0000000088f89510) thrown at [./src/hotspot/share/prims/jni.cpp, line 615]
Event: 1294.570 Thread 0x00007fc6d825e800 Exception <a 'java/lang/InterruptedException'{0x00000000881cf968}: sleep interrupted> (0x00000000881cf968) thrown at [./src/hotspot/share/prims/jvm.cpp, line 3125]
Event: 1294.640 Thread 0x00007fc6c8532000 Exception <a 'java/io/FileNotFoundException'{0x000000008c312f60}> (0x000000008c312f60) thrown at [./src/hotspot/share/prims/jni.cpp, line 615]
Event: 1294.941 Thread 0x00007fc6c8532000 Exception <a 'java/io/FileNotFoundException'{0x00000000891df478}> (0x00000000891df478) thrown at [./src/hotspot/share/prims/jni.cpp, line 615]
Event: 1294.973 Thread 0x00007fc6c8532000 Exception <a 'java/io/FileNotFoundException'{0x0000000088e740a8}> (0x0000000088e740a8) thrown at [./src/hotspot/share/prims/jni.cpp, line 615]

Events (20 events):
Event: 1295.075 Thread 0x00007fc6cc1a6000 Thread added: 0x00007fc6cc1a6000
Event: 1295.075 Protecting memory [0x00007fc76ef1c000,0x00007fc76ef20000] with protection modes 0
Event: 1295.075 Thread 0x00007fc6cc1a7000 Thread added: 0x00007fc6cc1a7000
Event: 1295.075 Protecting memory [0x00007fc6faad2000,0x00007fc6faad6000] with protection modes 0
Event: 1295.076 Thread 0x00007fc6cc1a8800 Thread added: 0x00007fc6cc1a8800
Event: 1295.076 Protecting memory [0x00007fc6faed6000,0x00007fc6faeda000] with protection modes 0
Event: 1295.078 Thread 0x00007fc6cc1a9800 Thread added: 0x00007fc6cc1a9800
Event: 1295.078 Protecting memory [0x00007fc6f997e000,0x00007fc6f9982000] with protection modes 0
Event: 1295.078 Thread 0x00007fc6cc1aa800 Thread added: 0x00007fc6cc1aa800
Event: 1295.078 Protecting memory [0x00007fc76dfe2000,0x00007fc76dfe6000] with protection modes 0
Event: 1295.082 Thread 0x00007fc6cc1ab800 Thread added: 0x00007fc6cc1ab800
Event: 1295.082 Protecting memory [0x00007fc6f987d000,0x00007fc6f9881000] with protection modes 0
Event: 1295.083 Thread 0x00007fc6cc1af800 Thread added: 0x00007fc6cc1af800
Event: 1295.083 Protecting memory [0x00007fc76c0da000,0x00007fc76c0de000] with protection modes 0
Event: 1295.083 Thread 0x00007fc6cc1b1000 Thread added: 0x00007fc6cc1b1000
Event: 1295.083 Protecting memory [0x00007fc6fb0d8000,0x00007fc6fb0dc000] with protection modes 0
Event: 1295.094 Thread 0x00007fc6c8532000 Thread exited: 0x00007fc6c8532000
Event: 1295.094 Thread 0x00007fc700011000 Thread exited: 0x00007fc700011000
Event: 1297.329 Thread 0x00007fc740001800 Thread exited: 0x00007fc740001800
Event: 1297.330 loading class jdk/internal/misc/Signal$1


Dynamic libraries:
85200000-89200000 rw-p 00000000 00:00 0 
89200000-8b600000 ---p 00000000 00:00 0 
8b600000-8b700000 rw-p 00000000 00:00 0 
8b700000-8b800000 ---p 00000000 00:00 0 
8b800000-8bb00000 rw-p 00000000 00:00 0 
8bb00000-8bc00000 ---p 00000000 00:00 0 
8bc00000-8bd00000 rw-p 00000000 00:00 0 
8bd00000-8c000000 ---p 00000000 00:00 0 
8c000000-8c100000 rw-p 00000000 00:00 0 
8c100000-8c300000 ---p 00000000 00:00 0 
8c300000-8c400000 rw-p 00000000 00:00 0 
8c400000-8c700000 ---p 00000000 00:00 0 
8c700000-8c800000 rw-p 00000000 00:00 0 
8c800000-ffe00000 ---p 00000000 00:00 0 
ffe00000-ffe47000 rw-p 01111000 08:02 50594465                           /usr/lib/jvm/java-11-openjdk-amd64/lib/server/classes.jsa
ffe47000-fff00000 rw-p 00000000 00:00 0 
fff00000-fff6b000 rw-p 010a6000 08:02 50594465                           /usr/lib/jvm/java-11-openjdk-amd64/lib/server/classes.jsa
fff6b000-100000000 rw-p 00000000 00:00 0 
800000000-800002000 rwxp 00001000 08:02 50594465                         /usr/lib/jvm/java-11-openjdk-amd64/lib/server/classes.jsa
800002000-8010a5000 rw-p 00003000 08:02 50594465                         /usr/lib/jvm/java-11-openjdk-amd64/lib/server/classes.jsa
840000000-8405c0000 rw-p 00000000 00:00 0 
8405c0000-880000000 ---p 00000000 00:00 0 
55e8fc2fd000-55e8fc2fe000 r-xp 00000000 08:02 49810549                   /usr/lib/jvm/java-11-openjdk-amd64/bin/java
55e8fc4fe000-55e8fc4ff000 r--p 00001000 08:02 49810549                   /usr/lib/jvm/java-11-openjdk-amd64/bin/java
55e8fc4ff000-55e8fc500000 rw-p 00002000 08:02 49810549                   /usr/lib/jvm/java-11-openjdk-amd64/bin/java
55e8fdfb1000-55e8fe7a1000 rw-p 00000000 00:00 0                          [heap]
7fc6a4000000-7fc6a4021000 rw-p 00000000 00:00 0 
7fc6a4021000-7fc6a8000000 ---p 00000000 00:00 0 
7fc6ac000000-7fc6af0ef000 rw-p 00000000 00:00 0 
7fc6af0ef000-7fc6b0000000 ---p 00000000 00:00 0 
7fc6b0000000-7fc6b0021000 rw-p 00000000 00:00 0 
7fc6b0021000-7fc6b4000000 ---p 00000000 00:00 0 
7fc6b4000000-7fc6b7ffb000 rw-p 00000000 00:00 0 
7fc6b7ffb000-7fc6b8000000 ---p 00000000 00:00 0 
7fc6bc000000-7fc6bc021000 rw-p 00000000 00:00 0 
7fc6bc021000-7fc6c0000000 ---p 00000000 00:00 0 
7fc6c0000000-7fc6c0021000 rw-p 00000000 00:00 0 
7fc6c0021000-7fc6c4000000 ---p 00000000 00:00 0 
7fc6c4000000-7fc6c4021000 rw-p 00000000 00:00 0 
7fc6c4021000-7fc6c8000000 ---p 00000000 00:00 0 
7fc6c8000000-7fc6c8541000 rw-p 00000000 00:00 0 
7fc6c8541000-7fc6cc000000 ---p 00000000 00:00 0 
7fc6cc000000-7fc6cc1be000 rw-p 00000000 00:00 0 
7fc6cc1be000-7fc6d0000000 ---p 00000000 00:00 0 
7fc6d0000000-7fc6d0021000 rw-p 00000000 00:00 0 
7fc6d0021000-7fc6d4000000 ---p 00000000 00:00 0 
7fc6d4000000-7fc6d4021000 rw-p 00000000 00:00 0 
7fc6d4021000-7fc6d8000000 ---p 00000000 00:00 0 
7fc6d8000000-7fc6d827f000 rw-p 00000000 00:00 0 
7fc6d827f000-7fc6dc000000 ---p 00000000 00:00 0 
7fc6dc000000-7fc6dc021000 rw-p 00000000 00:00 0 
7fc6dc021000-7fc6e0000000 ---p 00000000 00:00 0 
7fc6e0000000-7fc6e0021000 rw-p 00000000 00:00 0 
7fc6e0021000-7fc6e4000000 ---p 00000000 00:00 0 
7fc6e4000000-7fc6e46f7000 rw-p 00000000 00:00 0 
7fc6e46f7000-7fc6e8000000 ---p 00000000 00:00 0 
7fc6e8000000-7fc6e803d000 rw-p 00000000 00:00 0 
7fc6e803d000-7fc6ec000000 ---p 00000000 00:00 0 
7fc6ec000000-7fc6ec021000 rw-p 00000000 00:00 0 
7fc6ec021000-7fc6f0000000 ---p 00000000 00:00 0 
7fc6f0000000-7fc6f00b8000 rw-p 00000000 00:00 0 
7fc6f00b8000-7fc6f4000000 ---p 00000000 00:00 0 
7fc6f4000000-7fc6f40a6000 rw-p 00000000 00:00 0 
7fc6f40a6000-7fc6f8000000 ---p 00000000 00:00 0 
7fc6f987d000-7fc6f9881000 ---p 00000000 00:00 0 
7fc6f9881000-7fc6f997e000 rw-p 00000000 00:00 0 
7fc6f997e000-7fc6f9982000 ---p 00000000 00:00 0 
7fc6f9982000-7fc6f9c7f000 rw-p 00000000 00:00 0 
7fc6f9c7f000-7fc6f9e7f000 rw-p 00000000 00:00 0 
7fc6f9e7f000-7fc6f9e96000 r-xp 00000000 08:02 50594004                   /lib/x86_64-linux-gnu/libresolv-2.27.so
7fc6f9e96000-7fc6fa095000 ---p 00017000 08:02 50594004                   /lib/x86_64-linux-gnu/libresolv-2.27.so
7fc6fa095000-7fc6fa096000 r--p 00016000 08:02 50594004                   /lib/x86_64-linux-gnu/libresolv-2.27.so
7fc6fa096000-7fc6fa097000 rw-p 00017000 08:02 50594004                   /lib/x86_64-linux-gnu/libresolv-2.27.so
7fc6fa097000-7fc6fa099000 rw-p 00000000 00:00 0 
7fc6fa099000-7fc6fa09e000 r-xp 00000000 08:02 50593997                   /lib/x86_64-linux-gnu/libnss_dns-2.27.so
7fc6fa09e000-7fc6fa29e000 ---p 00005000 08:02 50593997                   /lib/x86_64-linux-gnu/libnss_dns-2.27.so
7fc6fa29e000-7fc6fa29f000 r--p 00005000 08:02 50593997                   /lib/x86_64-linux-gnu/libnss_dns-2.27.so
7fc6fa29f000-7fc6fa2a0000 rw-p 00006000 08:02 50593997                   /lib/x86_64-linux-gnu/libnss_dns-2.27.so
7fc6fa2a0000-7fc6fa2a2000 r-xp 00000000 08:02 50598880                   /lib/x86_64-linux-gnu/libnss_mdns4_minimal.so.2
7fc6fa2a2000-7fc6fa4a1000 ---p 00002000 08:02 50598880                   /lib/x86_64-linux-gnu/libnss_mdns4_minimal.so.2
7fc6fa4a1000-7fc6fa4a2000 r--p 00001000 08:02 50598880                   /lib/x86_64-linux-gnu/libnss_mdns4_minimal.so.2
7fc6fa4a2000-7fc6fa4a3000 rw-p 00002000 08:02 50598880                   /lib/x86_64-linux-gnu/libnss_mdns4_minimal.so.2
7fc6fa4a3000-7fc6fa6a3000 rw-p 00000000 00:00 0 
7fc6fa6a3000-7fc6fa6cd000 r-xp 00000000 08:02 50594854                   /usr/lib/jvm/java-11-openjdk-amd64/lib/libsunec.so
7fc6fa6cd000-7fc6fa8cc000 ---p 0002a000 08:02 50594854                   /usr/lib/jvm/java-11-openjdk-amd64/lib/libsunec.so
7fc6fa8cc000-7fc6fa8d0000 r--p 00029000 08:02 50594854                   /usr/lib/jvm/java-11-openjdk-amd64/lib/libsunec.so
7fc6fa8d0000-7fc6fa8d2000 rw-p 0002d000 08:02 50594854                   /usr/lib/jvm/java-11-openjdk-amd64/lib/libsunec.so
7fc6fa8d2000-7fc6faad2000 rw-p 00000000 00:00 0 
7fc6faad2000-7fc6faad6000 ---p 00000000 00:00 0 
7fc6faad6000-7fc6fabd3000 rw-p 00000000 00:00 0 
7fc6fabd3000-7fc6fabd7000 ---p 00000000 00:00 0 
7fc6fabd7000-7fc6facd4000 rw-p 00000000 00:00 0 
7fc6facd4000-7fc6facd8000 ---p 00000000 00:00 0 
7fc6facd8000-7fc6fadd5000 rw-p 00000000 00:00 0 
7fc6fadd5000-7fc6fadd9000 ---p 00000000 00:00 0 
7fc6fadd9000-7fc6faed6000 rw-p 00000000 00:00 0 
7fc6faed6000-7fc6faeda000 ---p 00000000 00:00 0 
7fc6faeda000-7fc6fafd7000 rw-p 00000000 00:00 0 
7fc6fafd7000-7fc6fafdb000 ---p 00000000 00:00 0 
7fc6fafdb000-7fc6fb0d8000 rw-p 00000000 00:00 0 
7fc6fb0d8000-7fc6fb0dc000 ---p 00000000 00:00 0 
7fc6fb0dc000-7fc6fb1d9000 rw-p 00000000 00:00 0 
7fc6fb1d9000-7fc6fb1dd000 ---p 00000000 00:00 0 
7fc6fb1dd000-7fc6fb2da000 rw-p 00000000 00:00 0 
7fc6fb2da000-7fc6fb2de000 ---p 00000000 00:00 0 
7fc6fb2de000-7fc6fb3db000 rw-p 00000000 00:00 0 
7fc6fb3db000-7fc6fb3df000 ---p 00000000 00:00 0 
7fc6fb3df000-7fc6fb4dc000 rw-p 00000000 00:00 0 
7fc6fb4dc000-7fc6fb4e0000 ---p 00000000 00:00 0 
7fc6fb4e0000-7fc6fb5dd000 rw-p 00000000 00:00 0 
7fc6fb5dd000-7fc6fb5e1000 ---p 00000000 00:00 0 
7fc6fb5e1000-7fc6fb6de000 rw-p 00000000 00:00 0 
7fc6fb6de000-7fc6fb6e2000 ---p 00000000 00:00 0 
7fc6fb6e2000-7fc6fb7df000 rw-p 00000000 00:00 0 
7fc6fb7df000-7fc6fb7e1000 r-xp 00000000 08:02 50594829                   /usr/lib/jvm/java-11-openjdk-amd64/lib/libextnet.so
7fc6fb7e1000-7fc6fb9e0000 ---p 00002000 08:02 50594829                   /usr/lib/jvm/java-11-openjdk-amd64/lib/libextnet.so
7fc6fb9e0000-7fc6fb9e1000 r--p 00001000 08:02 50594829                   /usr/lib/jvm/java-11-openjdk-amd64/lib/libextnet.so
7fc6fb9e1000-7fc6fb9e2000 rw-p 00002000 08:02 50594829                   /usr/lib/jvm/java-11-openjdk-amd64/lib/libextnet.so
7fc6fb9e2000-7fc6fbbe2000 rw-p 00000000 00:00 0 
7fc6fbbfe000-7fc6fbc02000 ---p 00000000 00:00 0 
7fc6fbc02000-7fc6fbeff000 rw-p 00000000 00:00 0 
7fc6fbeff000-7fc6fbf03000 ---p 00000000 00:00 0 
7fc6fbf03000-7fc6fc000000 rw-p 00000000 00:00 0 
7fc6fc000000-7fc6fc491000 rw-p 00000000 00:00 0 
7fc6fc491000-7fc700000000 ---p 00000000 00:00 0 
7fc700000000-7fc700231000 rw-p 00000000 00:00 0 
7fc700231000-7fc704000000 ---p 00000000 00:00 0 
7fc704000000-7fc704028000 rw-p 00000000 00:00 0 
7fc704028000-7fc708000000 ---p 00000000 00:00 0 
7fc708000000-7fc708336000 rw-p 00000000 00:00 0 
7fc708336000-7fc70c000000 ---p 00000000 00:00 0 
7fc70c000000-7fc70c024000 rw-p 00000000 00:00 0 
7fc70c024000-7fc710000000 ---p 00000000 00:00 0 
7fc710000000-7fc710021000 rw-p 00000000 00:00 0 
7fc710021000-7fc714000000 ---p 00000000 00:00 0 
7fc714000000-7fc714021000 rw-p 00000000 00:00 0 
7fc714021000-7fc718000000 ---p 00000000 00:00 0 
7fc718000000-7fc718021000 rw-p 00000000 00:00 0 
7fc718021000-7fc71c000000 ---p 00000000 00:00 0 
7fc71c000000-7fc71d267000 rw-p 00000000 00:00 0 
7fc71d267000-7fc720000000 ---p 00000000 00:00 0 
7fc720000000-7fc7202c8000 rw-p 00000000 00:00 0 
7fc7202c8000-7fc724000000 ---p 00000000 00:00 0 
7fc724000000-7fc724024000 rw-p 00000000 00:00 0 
7fc724024000-7fc728000000 ---p 00000000 00:00 0 
7fc728000000-7fc728021000 rw-p 00000000 00:00 0 
7fc728021000-7fc72c000000 ---p 00000000 00:00 0 
7fc72c000000-7fc72c021000 rw-p 00000000 00:00 0 
7fc72c021000-7fc730000000 ---p 00000000 00:00 0 
7fc730000000-7fc730031000 rw-p 00000000 00:00 0 
7fc730031000-7fc734000000 ---p 00000000 00:00 0 
7fc734000000-7fc734021000 rw-p 00000000 00:00 0 
7fc734021000-7fc738000000 ---p 00000000 00:00 0 
7fc738000000-7fc738021000 rw-p 00000000 00:00 0 
7fc738021000-7fc73c000000 ---p 00000000 00:00 0 
7fc73c000000-7fc73e41c000 rw-p 00000000 00:00 0 
7fc73e41c000-7fc740000000 ---p 00000000 00:00 0 
7fc740000000-7fc7400a6000 rw-p 00000000 00:00 0 
7fc7400a6000-7fc744000000 ---p 00000000 00:00 0 
7fc744000000-7fc744021000 rw-p 00000000 00:00 0 
7fc744021000-7fc748000000 ---p 00000000 00:00 0 
7fc748000000-7fc748021000 rw-p 00000000 00:00 0 
7fc748021000-7fc74c000000 ---p 00000000 00:00 0 
7fc74c000000-7fc74fffa000 rw-p 00000000 00:00 0 
7fc74fffa000-7fc750000000 ---p 00000000 00:00 0 
7fc750000000-7fc750eb1000 rw-p 00000000 00:00 0 
7fc750eb1000-7fc754000000 ---p 00000000 00:00 0 
7fc754000000-7fc754021000 rw-p 00000000 00:00 0 
7fc754021000-7fc758000000 ---p 00000000 00:00 0 
7fc758000000-7fc75806e000 rw-p 00000000 00:00 0 
7fc75806e000-7fc75c000000 ---p 00000000 00:00 0 
7fc75c000000-7fc75c021000 rw-p 00000000 00:00 0 
7fc75c021000-7fc760000000 ---p 00000000 00:00 0 
7fc760000000-7fc760021000 rw-p 00000000 00:00 0 
7fc760021000-7fc764000000 ---p 00000000 00:00 0 
7fc764000000-7fc76519a000 rw-p 00000000 00:00 0 
7fc76519a000-7fc768000000 ---p 00000000 00:00 0 
7fc768000000-7fc768021000 rw-p 00000000 00:00 0 
7fc768021000-7fc76c000000 ---p 00000000 00:00 0 
7fc76c0da000-7fc76c0de000 ---p 00000000 00:00 0 
7fc76c0de000-7fc76c1db000 rw-p 00000000 00:00 0 
7fc76c1db000-7fc76c1df000 ---p 00000000 00:00 0 
7fc76c1df000-7fc76c4dc000 rw-p 00000000 00:00 0 
7fc76c4dc000-7fc76c6dc000 rw-p 00000000 00:00 0 
7fc76c6dc000-7fc76c8dc000 rw-p 00000000 00:00 0 
7fc76c8dc000-7fc76cadc000 rw-p 00000000 00:00 0 
7fc76cadc000-7fc76cadd000 ---p 00000000 00:00 0 
7fc76cadd000-7fc76cbde000 rw-p 00000000 00:00 0 
7fc76cbde000-7fc76cbdf000 ---p 00000000 00:00 0 
7fc76cbdf000-7fc76cce0000 rw-p 00000000 00:00 0 
7fc76cce0000-7fc76cce1000 ---p 00000000 00:00 0 
7fc76cce1000-7fc76cde2000 rw-p 00000000 00:00 0 
7fc76cde2000-7fc76cde3000 ---p 00000000 00:00 0 
7fc76cde3000-7fc76cee4000 rw-p 00000000 00:00 0 
7fc76cee4000-7fc76cee5000 ---p 00000000 00:00 0 
7fc76cee5000-7fc76cfe6000 rw-p 00000000 00:00 0 
7fc76d09e000-7fc76d09f000 ---p 00000000 00:00 0 
7fc76d09f000-7fc76d3a0000 rw-p 00000000 00:00 0 
7fc76d3a0000-7fc76d5a0000 rw-p 00000000 00:00 0 
7fc76d5a0000-7fc76d7a0000 rw-p 00000000 00:00 0 
7fc76d7a0000-7fc76d9a0000 rw-p 00000000 00:00 0 
7fc76d9a0000-7fc76d9a5000 r-xp 00000000 08:02 50594846                   /usr/lib/jvm/java-11-openjdk-amd64/lib/libmanagement_ext.so
7fc76d9a5000-7fc76dba5000 ---p 00005000 08:02 50594846                   /usr/lib/jvm/java-11-openjdk-amd64/lib/libmanagement_ext.so
7fc76dba5000-7fc76dba6000 r--p 00005000 08:02 50594846                   /usr/lib/jvm/java-11-openjdk-amd64/lib/libmanagement_ext.so
7fc76dba6000-7fc76dba7000 rw-p 00006000 08:02 50594846                   /usr/lib/jvm/java-11-openjdk-amd64/lib/libmanagement_ext.so
7fc76dba7000-7fc76dbab000 r-xp 00000000 08:02 50594844                   /usr/lib/jvm/java-11-openjdk-amd64/lib/libmanagement.so
7fc76dbab000-7fc76ddab000 ---p 00004000 08:02 50594844                   /usr/lib/jvm/java-11-openjdk-amd64/lib/libmanagement.so
7fc76ddab000-7fc76ddac000 r--p 00004000 08:02 50594844                   /usr/lib/jvm/java-11-openjdk-amd64/lib/libmanagement.so
7fc76ddac000-7fc76ddad000 rw-p 00005000 08:02 50594844                   /usr/lib/jvm/java-11-openjdk-amd64/lib/libmanagement.so
7fc76dde2000-7fc76dfe2000 rw-p 00000000 00:00 0 
7fc76dfe2000-7fc76dfe6000 ---p 00000000 00:00 0 
7fc76dfe6000-7fc76e0e3000 rw-p 00000000 00:00 0 
7fc76e0e3000-7fc76e0e7000 ---p 00000000 00:00 0 
7fc76e0e7000-7fc76e1e4000 rw-p 00000000 00:00 0 
7fc76e1e4000-7fc76e1e8000 ---p 00000000 00:00 0 
7fc76e1e8000-7fc76e2e5000 rw-p 00000000 00:00 0 
7fc76e2e5000-7fc76e2e6000 ---p 00000000 00:00 0 
7fc76e2e6000-7fc76e3e7000 rw-p 00000000 00:00 0 
7fc76e3e7000-7fc76e3e8000 ---p 00000000 00:00 0 
7fc76e3e8000-7fc76e4e9000 rw-p 00000000 00:00 0 
7fc76e4e9000-7fc76e4ea000 ---p 00000000 00:00 0 
7fc76e4ea000-7fc76e5eb000 rw-p 00000000 00:00 0 
7fc76e5eb000-7fc76e601000 r-xp 00000000 08:02 50594848                   /usr/lib/jvm/java-11-openjdk-amd64/lib/libnet.so
7fc76e601000-7fc76e800000 ---p 00016000 08:02 50594848                   /usr/lib/jvm/java-11-openjdk-amd64/lib/libnet.so
7fc76e800000-7fc76e801000 r--p 00015000 08:02 50594848                   /usr/lib/jvm/java-11-openjdk-amd64/lib/libnet.so
7fc76e801000-7fc76e802000 rw-p 00016000 08:02 50594848                   /usr/lib/jvm/java-11-openjdk-amd64/lib/libnet.so
7fc76e802000-7fc76e812000 r-xp 00000000 08:02 50594849                   /usr/lib/jvm/java-11-openjdk-amd64/lib/libnio.so
7fc76e812000-7fc76ea11000 ---p 00010000 08:02 50594849                  